<beans xmlns="http://www.springframework.org/schema/beans"
       xmlns:xsi="http://www.w3.org/2001/XMLSchema-instance"
       xmlns:context="http://www.springframework.org/schema/context"
       xmlns:tx="http://www.springframework.org/schema/tx"
       xmlns:cache="http://www.springframework.org/schema/cache"
       xmlns:task="http://www.springframework.org/schema/task"
       xmlns:int-kafka="http://www.springframework.org/schema/integration/kafka"
       xmlns:int="http://www.springframework.org/schema/integration"
       xsi:schemaLocation="http://www.springframework.org/schema/beans
        http://www.springframework.org/schema/beans/spring-beans.xsd
        http://www.springframework.org/schema/context
        http://www.springframework.org/schema/context/spring-context.xsd
        http://www.springframework.org/schema/tx
        http://www.springframework.org/schema/tx/spring-tx-3.2.xsd
        http://www.springframework.org/schema/cache
        http://www.springframework.org/schema/cache/spring-cache.xsd
        http://www.springframework.org/schema/task
		http://www.springframework.org/schema/task/spring-task.xsd
        http://www.springframework.org/schema/integration/kafka
        http://www.springframework.org/schema/integration/kafka/spring-integration-kafka.xsd
		http://www.springframework.org/schema/integration
		http://www.springframework.org/schema/integration/spring-integration.xsd">

    <context:component-scan base-package="com.integration.kafka"/>
    <context:annotation-config/>

    <context:property-placeholder location="classpath:kafkaIntegrationConfigs.properties"/>


<!--    &lt;!&ndash; ########### Asynch scheduler Config ########### &ndash;&gt;
    <task:annotation-driven executor="taskExecutor"/>

    <bean id="taskExecutor" class="org.springframework.scheduling.concurrent.ThreadPoolExecutorFactoryBean">
        <property name="corePoolSize" value="10" />
        <property name="maxPoolSize" value="50" />
        <property name="keepAliveSeconds" value="10" />
    </bean>-->
</beans>